2025-11-25 16:58:41,770 INFO  Logger.cs: 70 - 
--------------------------------------------------------------------------------
2025-11-25 16:58:41,784 INFO  Logger.cs: 71 - Logging commencing for SW2URDF exporter
2025-11-25 16:58:41,785 INFO  Logger.cs: 73 - Commit version 1.6.0-4-g7f85cfe
2025-11-25 16:58:41,785 INFO  Logger.cs: 74 - Build version 1.6.7995.38578
2025-11-25 16:58:41,794 INFO  SwAddin.cs: 192 - Attempting to connect to SW
2025-11-25 16:58:41,794 INFO  SwAddin.cs: 197 - Setting up callbacks
2025-11-25 16:58:41,794 INFO  SwAddin.cs: 201 - Setting up command manager
2025-11-25 16:58:41,795 INFO  SwAddin.cs: 204 - Adding command manager
2025-11-25 16:58:41,797 INFO  SwAddin.cs: 263 - Adding Assembly export to file menu
2025-11-25 16:58:41,798 INFO  SwAddin.cs: 272 - Adding Part export to file menu
2025-11-25 16:58:41,799 INFO  SwAddin.cs: 210 - Adding event handlers
2025-11-25 16:58:41,809 INFO  SwAddin.cs: 217 - Connecting plugin to SolidWorks
2025-11-25 16:59:05,128 INFO  SwAddin.cs: 294 - Assembly export called for file RobotArm.SLDASM
2025-11-25 16:59:06,142 INFO  SwAddin.cs: 313 - Saving assembly
2025-11-25 16:59:06,272 INFO  SwAddin.cs: 316 - Opening property manager
2025-11-25 16:59:06,278 INFO  ExportHelperExtension.cs: 1125 - Retrieving features of type [CoordSys] from RobotArm.SLDASM
2025-11-25 16:59:06,280 INFO  ExportHelperExtension.cs: 1136 - Found 97 in RobotArm.SLDASM
2025-11-25 16:59:06,280 INFO  ExportHelperExtension.cs: 1145 - Found 12 features of type [CoordSys] in RobotArm.SLDASM
2025-11-25 16:59:06,280 INFO  ExportHelperExtension.cs: 1148 - Proceeding through assembly components
2025-11-25 16:59:06,281 INFO  ExportHelperExtension.cs: 1160 - 11 components to check
2025-11-25 16:59:06,281 INFO  ExportHelperExtension.cs: 1125 - Retrieving features of type [CoordSys] from arm2-1
2025-11-25 16:59:06,281 INFO  ExportHelperExtension.cs: 1136 - Found 60 in arm2-1
2025-11-25 16:59:06,281 INFO  ExportHelperExtension.cs: 1145 - Found 0 features of type [CoordSys] in arm2-1
2025-11-25 16:59:06,281 INFO  ExportHelperExtension.cs: 1125 - Retrieving features of type [CoordSys] from arm1-1
2025-11-25 16:59:06,281 INFO  ExportHelperExtension.cs: 1136 - Found 40 in arm1-1
2025-11-25 16:59:06,281 INFO  ExportHelperExtension.cs: 1145 - Found 0 features of type [CoordSys] in arm1-1
2025-11-25 16:59:06,281 INFO  ExportHelperExtension.cs: 1125 - Retrieving features of type [CoordSys] from base-1
2025-11-25 16:59:06,281 INFO  ExportHelperExtension.cs: 1136 - Found 42 in base-1
2025-11-25 16:59:06,281 INFO  ExportHelperExtension.cs: 1145 - Found 0 features of type [CoordSys] in base-1
2025-11-25 16:59:06,281 INFO  ExportHelperExtension.cs: 1125 - Retrieving features of type [CoordSys] from wist-1
2025-11-25 16:59:06,281 INFO  ExportHelperExtension.cs: 1136 - Found 42 in wist-1
2025-11-25 16:59:06,281 INFO  ExportHelperExtension.cs: 1145 - Found 0 features of type [CoordSys] in wist-1
2025-11-25 16:59:06,281 INFO  ExportHelperExtension.cs: 1125 - Retrieving features of type [CoordSys] from servoMotorMG996R-5
2025-11-25 16:59:06,281 INFO  ExportHelperExtension.cs: 1136 - Found 50 in servoMotorMG996R-5
2025-11-25 16:59:06,281 INFO  ExportHelperExtension.cs: 1145 - Found 0 features of type [CoordSys] in servoMotorMG996R-5
2025-11-25 16:59:06,281 INFO  ExportHelperExtension.cs: 1125 - Retrieving features of type [CoordSys] from servoMotorMicro-1
2025-11-25 16:59:06,281 INFO  ExportHelperExtension.cs: 1136 - Found 33 in servoMotorMicro-1
2025-11-25 16:59:06,281 INFO  ExportHelperExtension.cs: 1145 - Found 0 features of type [CoordSys] in servoMotorMicro-1
2025-11-25 16:59:06,281 INFO  ExportHelperExtension.cs: 1125 - Retrieving features of type [CoordSys] from servoMotorMicro-2
2025-11-25 16:59:06,281 INFO  ExportHelperExtension.cs: 1136 - Found 33 in servoMotorMicro-2
2025-11-25 16:59:06,281 INFO  ExportHelperExtension.cs: 1145 - Found 0 features of type [CoordSys] in servoMotorMicro-2
2025-11-25 16:59:06,281 INFO  ExportHelperExtension.cs: 1125 - Retrieving features of type [CoordSys] from servoMotorMG996R-4
2025-11-25 16:59:06,281 INFO  ExportHelperExtension.cs: 1136 - Found 50 in servoMotorMG996R-4
2025-11-25 16:59:06,281 INFO  ExportHelperExtension.cs: 1145 - Found 0 features of type [CoordSys] in servoMotorMG996R-4
2025-11-25 16:59:06,281 INFO  ExportHelperExtension.cs: 1125 - Retrieving features of type [CoordSys] from arm3-1
2025-11-25 16:59:06,281 INFO  ExportHelperExtension.cs: 1136 - Found 43 in arm3-1
2025-11-25 16:59:06,281 INFO  ExportHelperExtension.cs: 1145 - Found 0 features of type [CoordSys] in arm3-1
2025-11-25 16:59:06,281 INFO  ExportHelperExtension.cs: 1125 - Retrieving features of type [CoordSys] from gripper-2
2025-11-25 16:59:06,281 INFO  ExportHelperExtension.cs: 1136 - Found 62 in gripper-2
2025-11-25 16:59:06,281 INFO  ExportHelperExtension.cs: 1145 - Found 0 features of type [CoordSys] in gripper-2
2025-11-25 16:59:06,281 INFO  ExportHelperExtension.cs: 1125 - Retrieving features of type [CoordSys] from servoMotorMG996R-2
2025-11-25 16:59:06,281 INFO  ExportHelperExtension.cs: 1136 - Found 50 in servoMotorMG996R-2
2025-11-25 16:59:06,281 INFO  ExportHelperExtension.cs: 1145 - Found 0 features of type [CoordSys] in servoMotorMG996R-2
2025-11-25 16:59:06,281 INFO  ExportHelperExtension.cs: 1125 - Retrieving features of type [RefAxis] from RobotArm.SLDASM
2025-11-25 16:59:06,290 INFO  ExportHelperExtension.cs: 1136 - Found 97 in RobotArm.SLDASM
2025-11-25 16:59:06,290 INFO  ExportHelperExtension.cs: 1145 - Found 11 features of type [RefAxis] in RobotArm.SLDASM
2025-11-25 16:59:06,290 INFO  ExportHelperExtension.cs: 1148 - Proceeding through assembly components
2025-11-25 16:59:06,290 INFO  ExportHelperExtension.cs: 1160 - 11 components to check
2025-11-25 16:59:06,290 INFO  ExportHelperExtension.cs: 1125 - Retrieving features of type [RefAxis] from arm2-1
2025-11-25 16:59:06,290 INFO  ExportHelperExtension.cs: 1136 - Found 60 in arm2-1
2025-11-25 16:59:06,290 INFO  ExportHelperExtension.cs: 1145 - Found 0 features of type [RefAxis] in arm2-1
2025-11-25 16:59:06,290 INFO  ExportHelperExtension.cs: 1125 - Retrieving features of type [RefAxis] from arm1-1
2025-11-25 16:59:06,290 INFO  ExportHelperExtension.cs: 1136 - Found 40 in arm1-1
2025-11-25 16:59:06,292 INFO  ExportHelperExtension.cs: 1145 - Found 0 features of type [RefAxis] in arm1-1
2025-11-25 16:59:06,292 INFO  ExportHelperExtension.cs: 1125 - Retrieving features of type [RefAxis] from base-1
2025-11-25 16:59:06,312 INFO  ExportHelperExtension.cs: 1136 - Found 42 in base-1
2025-11-25 16:59:06,312 INFO  ExportHelperExtension.cs: 1145 - Found 0 features of type [RefAxis] in base-1
2025-11-25 16:59:06,312 INFO  ExportHelperExtension.cs: 1125 - Retrieving features of type [RefAxis] from wist-1
2025-11-25 16:59:06,312 INFO  ExportHelperExtension.cs: 1136 - Found 42 in wist-1
2025-11-25 16:59:06,312 INFO  ExportHelperExtension.cs: 1145 - Found 0 features of type [RefAxis] in wist-1
2025-11-25 16:59:06,312 INFO  ExportHelperExtension.cs: 1125 - Retrieving features of type [RefAxis] from servoMotorMG996R-5
2025-11-25 16:59:06,312 INFO  ExportHelperExtension.cs: 1136 - Found 50 in servoMotorMG996R-5
2025-11-25 16:59:06,312 INFO  ExportHelperExtension.cs: 1145 - Found 0 features of type [RefAxis] in servoMotorMG996R-5
2025-11-25 16:59:06,312 INFO  ExportHelperExtension.cs: 1125 - Retrieving features of type [RefAxis] from servoMotorMicro-1
2025-11-25 16:59:06,312 INFO  ExportHelperExtension.cs: 1136 - Found 33 in servoMotorMicro-1
2025-11-25 16:59:06,312 INFO  ExportHelperExtension.cs: 1145 - Found 0 features of type [RefAxis] in servoMotorMicro-1
2025-11-25 16:59:06,312 INFO  ExportHelperExtension.cs: 1125 - Retrieving features of type [RefAxis] from servoMotorMicro-2
2025-11-25 16:59:06,312 INFO  ExportHelperExtension.cs: 1136 - Found 33 in servoMotorMicro-2
2025-11-25 16:59:06,312 INFO  ExportHelperExtension.cs: 1145 - Found 0 features of type [RefAxis] in servoMotorMicro-2
2025-11-25 16:59:06,321 INFO  ExportHelperExtension.cs: 1125 - Retrieving features of type [RefAxis] from servoMotorMG996R-4
2025-11-25 16:59:06,321 INFO  ExportHelperExtension.cs: 1136 - Found 50 in servoMotorMG996R-4
2025-11-25 16:59:06,321 INFO  ExportHelperExtension.cs: 1145 - Found 0 features of type [RefAxis] in servoMotorMG996R-4
2025-11-25 16:59:06,321 INFO  ExportHelperExtension.cs: 1125 - Retrieving features of type [RefAxis] from arm3-1
2025-11-25 16:59:06,321 INFO  ExportHelperExtension.cs: 1136 - Found 43 in arm3-1
2025-11-25 16:59:06,321 INFO  ExportHelperExtension.cs: 1145 - Found 0 features of type [RefAxis] in arm3-1
2025-11-25 16:59:06,322 INFO  ExportHelperExtension.cs: 1125 - Retrieving features of type [RefAxis] from gripper-2
2025-11-25 16:59:06,322 INFO  ExportHelperExtension.cs: 1136 - Found 62 in gripper-2
2025-11-25 16:59:06,322 INFO  ExportHelperExtension.cs: 1145 - Found 0 features of type [RefAxis] in gripper-2
2025-11-25 16:59:06,322 INFO  ExportHelperExtension.cs: 1125 - Retrieving features of type [RefAxis] from servoMotorMG996R-2
2025-11-25 16:59:06,322 INFO  ExportHelperExtension.cs: 1136 - Found 50 in servoMotorMG996R-2
2025-11-25 16:59:06,322 INFO  ExportHelperExtension.cs: 1145 - Found 0 features of type [RefAxis] in servoMotorMG996R-2
2025-11-25 16:59:06,502 INFO  SwAddin.cs: 339 - Loading config tree
2025-11-25 16:59:06,505 INFO  ExportPropertyManagerExtension.cs: 520 - Starting new configuration
2025-11-25 16:59:06,507 INFO  SwAddin.cs: 344 - Showing property manager
2025-11-25 16:59:15,384 INFO  ExportPropertyManager.cs: 353 - Loading configuration D:\Study\2025Çï\»ú½¨¿Ø\urdf_new\robot_arm\urdf\robot_arm.csv
2025-11-25 16:59:15,388 INFO  ExportPropertyManager.cs: 362 - Link successfully loaded
2025-11-25 16:59:38,852 INFO  ExportPropertyManager.cs: 416 - Configuration canceled
2025-11-25 16:59:38,879 INFO  ExportPropertyManager.cs: 1142 - AfterClose called. This method no longer throws an Exception. It just silently does nothing. Ok, except for this logging message
2025-11-25 16:59:47,221 INFO  SwAddin.cs: 282 - Removing assembly export from file menu
2025-11-25 16:59:47,221 INFO  SwAddin.cs: 284 - Removing part export from file menu
2025-11-25 16:59:47,275 INFO  SwAddin.cs: 237 - Disconnecting plugin from SolidWorks
